<?xml version="1.0" encoding="UTF-8"?>
<!-- Generated by org.testng.reporters.JUnitReportReporter -->
<testsuite hostname="DESKTOP-3DIUMVJ" failures="0" tests="1" name="AndroidCalculatorTest.TestClass" time="18.334" errors="0" timestamp="2024-02-19T14:21:05 BDT" skipped="0">
  <testcase classname="AndroidCalculatorTest.TestClass" name="TestMethod" time="18.334"/>
  <system-out/>
</testsuite> <!-- AndroidCalculatorTest.TestClass -->
