<?xml version="1.0" encoding="UTF-8"?>
<!-- Generated by org.testng.reporters.JUnitReportReporter -->
<testsuite hostname="DESKTOP-3DIUMVJ" failures="0" tests="6" name="androidtest.TestClass" time="25.420" errors="0" timestamp="2024-02-25T14:11:02 BDT" skipped="0">
  <testcase classname="androidtest.TestClass" name="TestAllDigitButtons" time="7.399"/>
  <system-out/>
  <testcase classname="androidtest.TestClass" name="TestAddition" time="3.462"/>
  <system-out/>
  <testcase classname="androidtest.TestClass" name="TestSubtraction" time="4.175"/>
  <system-out/>
  <testcase classname="androidtest.TestClass" name="TestMultiplication" time="3.530"/>
  <system-out/>
  <testcase classname="androidtest.TestClass" name="Division" time="3.488"/>
  <system-out/>
  <testcase classname="androidtest.TestClass" name="delete" time="3.366"/>
  <system-out/>
</testsuite> <!-- androidtest.TestClass -->
